# JRE version: OpenJDK Runtime Environment Temurin-17.0.6+10 (17.0.6+10) (build 17.0.6+10)
# Java VM: OpenJDK 64-Bit Server VM Temurin-17.0.6+10 (17.0.6+10, mixed mode, tiered, compressed oops, compressed class ptrs, parallel gc, windows-amd64)
GC Precious Log:
 CPUs: 8 total, 8 available
 Memory: 7934M
 Large Page Support: Disabled
 NUMA Support: Disabled
 Compressed Oops: Enabled (32-bit)
 Alignments: Space 512K, Generation 512K, Heap 2M
 Heap Min Capacity: 100M
 Heap Initial Capacity: 100M
 Heap Max Capacity: 1G
 Pre-touch: Disabled
 Parallel Workers: 8
Heap:
 PSYoungGen      total 4096K, used 3334K [0x00000000eab00000, 0x00000000eb100000, 0x0000000100000000)
  eden space 2048K, 77% used [0x00000000eab00000,0x00000000eac8d178,0x00000000ead00000)
  from space 2048K, 85% used [0x00000000ead80000,0x00000000eaf34800,0x00000000eaf80000)
  to   space 1536K, 0% used [0x00000000eaf80000,0x00000000eaf80000,0x00000000eb100000)
 ParOldGen       total 145408K, used 139126K [0x00000000c0000000, 0x00000000c8e00000, 0x00000000eab00000)
  object space 145408K, 95% used [0x00000000c0000000,0x00000000c87ddb40,0x00000000c8e00000)
 Metaspace       used 87123K, committed 88512K, reserved 1130496K
  class space    used 8714K, committed 9344K, reserved 1048576K
GC Heap History (20 events):
Event: 93788.653 GC heap after
{Heap after GC invocations=1864 (full 29):
 PSYoungGen      total 3072K, used 2531K [0x00000000eab00000, 0x00000000eb200000, 0x0000000100000000)
  eden space 512K, 0% used [0x00000000eab00000,0x00000000eab00000,0x00000000eab80000)
  from space 2560K, 98% used [0x00000000eab80000,0x00000000eadf8f90,0x00000000eae00000)
  to   space 3072K, 0% used [0x00000000eaf00000,0x00000000eaf00000,0x00000000eb200000)
 ParOldGen       total 145408K, used 127990K [0x00000000c0000000, 0x00000000c8e00000, 0x00000000eab00000)
  object space 145408K, 88% used [0x00000000c0000000,0x00000000c7cfd8c8,0x00000000c8e00000)
 Metaspace       used 87123K, committed 88512K, reserved 1130496K
  class space    used 8714K, committed 9344K, reserved 1048576K
}
Event: 93788.673 GC heap before
{Heap before GC invocations=1865 (full 29):
 PSYoungGen      total 3072K, used 3043K [0x00000000eab00000, 0x00000000eb200000, 0x0000000100000000)
  eden space 512K, 100% used [0x00000000eab00000,0x00000000eab80000,0x00000000eab80000)
  from space 2560K, 98% used [0x00000000eab80000,0x00000000eadf8f90,0x00000000eae00000)
  to   space 3072K, 0% used [0x00000000eaf00000,0x00000000eaf00000,0x00000000eb200000)
 ParOldGen       total 145408K, used 127990K [0x00000000c0000000, 0x00000000c8e00000, 0x00000000eab00000)
  object space 145408K, 88% used [0x00000000c0000000,0x00000000c7cfd8c8,0x00000000c8e00000)
 Metaspace       used 87123K, committed 88512K, reserved 1130496K
  class space    used 8714K, committed 9344K, reserved 1048576K
}
Event: 93788.676 GC heap after
{Heap after GC invocations=1865 (full 29):
 PSYoungGen      total 3584K, used 3011K [0x00000000eab00000, 0x00000000eb300000, 0x0000000100000000)
  eden space 512K, 0% used [0x00000000eab00000,0x00000000eab00000,0x00000000eab80000)
  from space 3072K, 98% used [0x00000000eaf00000,0x00000000eb1f0f90,0x00000000eb200000)
  to   space 3584K, 0% used [0x00000000eab80000,0x00000000eab80000,0x00000000eaf00000)
 ParOldGen       total 145408K, used 128054K [0x00000000c0000000, 0x00000000c8e00000, 0x00000000eab00000)
  object space 145408K, 88% used [0x00000000c0000000,0x00000000c7d0d8c8,0x00000000c8e00000)
 Metaspace       used 87123K, committed 88512K, reserved 1130496K
  class space    used 8714K, committed 9344K, reserved 1048576K
}
Event: 93788.679 GC heap before
{Heap before GC invocations=1866 (full 29):
 PSYoungGen      total 3584K, used 3523K [0x00000000eab00000, 0x00000000eb300000, 0x0000000100000000)
  eden space 512K, 100% used [0x00000000eab00000,0x00000000eab80000,0x00000000eab80000)
  from space 3072K, 98% used [0x00000000eaf00000,0x00000000eb1f0f90,0x00000000eb200000)
  to   space 3584K, 0% used [0x00000000eab80000,0x00000000eab80000,0x00000000eaf00000)
 ParOldGen       total 145408K, used 128054K [0x00000000c0000000, 0x00000000c8e00000, 0x00000000eab00000)
  object space 145408K, 88% used [0x00000000c0000000,0x00000000c7d0d8c8,0x00000000c8e00000)
 Metaspace       used 87123K, committed 88512K, reserved 1130496K
  class space    used 8714K, committed 9344K, reserved 1048576K
}
Event: 93788.684 GC heap after
{Heap after GC invocations=1866 (full 29):
 PSYoungGen      total 4096K, used 3437K [0x00000000eab00000, 0x00000000eb300000, 0x0000000100000000)
  eden space 512K, 0% used [0x00000000eab00000,0x00000000eab00000,0x00000000eab80000)
  from space 3584K, 95% used [0x00000000eab80000,0x00000000eaedb750,0x00000000eaf00000)
  to   space 3584K, 0% used [0x00000000eaf80000,0x00000000eaf80000,0x00000000eb300000)
 ParOldGen       total 145408K, used 128174K [0x00000000c0000000, 0x00000000c8e00000, 0x00000000eab00000)
  object space 145408K, 88% used [0x00000000c0000000,0x00000000c7d2b8c8,0x00000000c8e00000)
 Metaspace       used 87123K, committed 88512K, reserved 1130496K
  class space    used 8714K, committed 9344K, reserved 1048576K
}
Event: 93788.687 GC heap before
{Heap before GC invocations=1867 (full 29):
 PSYoungGen      total 4096K, used 3949K [0x00000000eab00000, 0x00000000eb300000, 0x0000000100000000)
  eden space 512K, 99% used [0x00000000eab00000,0x00000000eab7ff88,0x00000000eab80000)
  from space 3584K, 95% used [0x00000000eab80000,0x00000000eaedb750,0x00000000eaf00000)
  to   space 3584K, 0% used [0x00000000eaf80000,0x00000000eaf80000,0x00000000eb300000)
 ParOldGen       total 145408K, used 128174K [0x00000000c0000000, 0x00000000c8e00000, 0x00000000eab00000)
  object space 145408K, 88% used [0x00000000c0000000,0x00000000c7d2b8c8,0x00000000c8e00000)
 Metaspace       used 87123K, committed 88512K, reserved 1130496K
  class space    used 8714K, committed 9344K, reserved 1048576K
}
Event: 93788.692 GC heap after
{Heap after GC invocations=1867 (full 29):
 PSYoungGen      total 4608K, used 3040K [0x00000000eab00000, 0x00000000eb300000, 0x0000000100000000)
  eden space 1024K, 0% used [0x00000000eab00000,0x00000000eab00000,0x00000000eac00000)
  from space 3584K, 84% used [0x00000000eaf80000,0x00000000eb278000,0x00000000eb300000)
  to   space 3584K, 0% used [0x00000000eac00000,0x00000000eac00000,0x00000000eaf80000)
 ParOldGen       total 145408K, used 129110K [0x00000000c0000000, 0x00000000c8e00000, 0x00000000eab00000)
  object space 145408K, 88% used [0x00000000c0000000,0x00000000c7e15b40,0x00000000c8e00000)
 Metaspace       used 87123K, committed 88512K, reserved 1130496K
  class space    used 8714K, committed 9344K, reserved 1048576K
}
Event: 93788.695 GC heap before
{Heap before GC invocations=1868 (full 29):
 PSYoungGen      total 4608K, used 4064K [0x00000000eab00000, 0x00000000eb300000, 0x0000000100000000)
  eden space 1024K, 100% used [0x00000000eab00000,0x00000000eac00000,0x00000000eac00000)
  from space 3584K, 84% used [0x00000000eaf80000,0x00000000eb278000,0x00000000eb300000)
  to   space 3584K, 0% used [0x00000000eac00000,0x00000000eac00000,0x00000000eaf80000)
 ParOldGen       total 145408K, used 129110K [0x00000000c0000000, 0x00000000c8e00000, 0x00000000eab00000)
  object space 145408K, 88% used [0x00000000c0000000,0x00000000c7e15b40,0x00000000c8e00000)
 Metaspace       used 87123K, committed 88512K, reserved 1130496K
  class space    used 8714K, committed 9344K, reserved 1048576K
}
Event: 93788.704 GC heap after
{Heap after GC invocations=1868 (full 29):
 PSYoungGen      total 4608K, used 3008K [0x00000000eab00000, 0x00000000eb280000, 0x0000000100000000)
  eden space 1024K, 0% used [0x00000000eab00000,0x00000000eab00000,0x00000000eac00000)
  from space 3584K, 83% used [0x00000000eac00000,0x00000000eaef0000,0x00000000eaf80000)
  to   space 3072K, 0% used [0x00000000eaf80000,0x00000000eaf80000,0x00000000eb280000)
 ParOldGen       total 145408K, used 130110K [0x00000000c0000000, 0x00000000c8e00000, 0x00000000eab00000)
  object space 145408K, 89% used [0x00000000c0000000,0x00000000c7f0fb40,0x00000000c8e00000)
 Metaspace       used 87123K, committed 88512K, reserved 1130496K
  class space    used 8714K, committed 9344K, reserved 1048576K
}
Event: 93788.707 GC heap before
{Heap before GC invocations=1869 (full 29):
 PSYoungGen      total 4608K, used 4031K [0x00000000eab00000, 0x00000000eb280000, 0x0000000100000000)
  eden space 1024K, 99% used [0x00000000eab00000,0x00000000eabffff8,0x00000000eac00000)
  from space 3584K, 83% used [0x00000000eac00000,0x00000000eaef0000,0x00000000eaf80000)
  to   space 3072K, 0% used [0x00000000eaf80000,0x00000000eaf80000,0x00000000eb280000)
 ParOldGen       total 145408K, used 130110K [0x00000000c0000000, 0x00000000c8e00000, 0x00000000eab00000)
  object space 145408K, 89% used [0x00000000c0000000,0x00000000c7f0fb40,0x00000000c8e00000)
 Metaspace       used 87123K, committed 88512K, reserved 1130496K
  class space    used 8714K, committed 9344K, reserved 1048576K
}
Event: 93788.714 GC heap after
{Heap after GC invocations=1869 (full 29):
 PSYoungGen      total 4096K, used 3072K [0x00000000eab00000, 0x00000000eb380000, 0x0000000100000000)
  eden space 1024K, 0% used [0x00000000eab00000,0x00000000eab00000,0x00000000eac00000)
  from space 3072K, 100% used [0x00000000eaf80000,0x00000000eb280000,0x00000000eb280000)
  to   space 3584K, 0% used [0x00000000eac00000,0x00000000eac00000,0x00000000eaf80000)
 ParOldGen       total 145408K, used 131134K [0x00000000c0000000, 0x00000000c8e00000, 0x00000000eab00000)
  object space 145408K, 90% used [0x00000000c0000000,0x00000000c800fb40,0x00000000c8e00000)
 Metaspace       used 87123K, committed 88512K, reserved 1130496K
  class space    used 8714K, committed 9344K, reserved 1048576K
}
Event: 93788.717 GC heap before
{Heap before GC invocations=1870 (full 29):
 PSYoungGen      total 4096K, used 4096K [0x00000000eab00000, 0x00000000eb380000, 0x0000000100000000)
  eden space 1024K, 100% used [0x00000000eab00000,0x00000000eac00000,0x00000000eac00000)
  from space 3072K, 100% used [0x00000000eaf80000,0x00000000eb280000,0x00000000eb280000)
  to   space 3584K, 0% used [0x00000000eac00000,0x00000000eac00000,0x00000000eaf80000)
 ParOldGen       total 145408K, used 131134K [0x00000000c0000000, 0x00000000c8e00000, 0x00000000eab00000)
  object space 145408K, 90% used [0x00000000c0000000,0x00000000c800fb40,0x00000000c8e00000)
 Metaspace       used 87123K, committed 88512K, reserved 1130496K
  class space    used 8714K, committed 9344K, reserved 1048576K
}
Event: 93788.728 GC heap after
{Heap after GC invocations=1870 (full 29):
 PSYoungGen      total 4608K, used 3104K [0x00000000eab00000, 0x00000000eb380000, 0x0000000100000000)
  eden space 1024K, 0% used [0x00000000eab00000,0x00000000eab00000,0x00000000eac00000)
  from space 3584K, 86% used [0x00000000eac00000,0x00000000eaf08000,0x00000000eaf80000)
  to   space 3584K, 0% used [0x00000000eb000000,0x00000000eb000000,0x00000000eb380000)
 ParOldGen       total 145408K, used 132158K [0x00000000c0000000, 0x00000000c8e00000, 0x00000000eab00000)
  object space 145408K, 90% used [0x00000000c0000000,0x00000000c810fb40,0x00000000c8e00000)
 Metaspace       used 87123K, committed 88512K, reserved 1130496K
  class space    used 8714K, committed 9344K, reserved 1048576K
}
Event: 93788.731 GC heap before
{Heap before GC invocations=1871 (full 29):
 PSYoungGen      total 4608K, used 4127K [0x00000000eab00000, 0x00000000eb380000, 0x0000000100000000)
  eden space 1024K, 99% used [0x00000000eab00000,0x00000000eabfff60,0x00000000eac00000)
  from space 3584K, 86% used [0x00000000eac00000,0x00000000eaf08000,0x00000000eaf80000)
  to   space 3584K, 0% used [0x00000000eb000000,0x00000000eb000000,0x00000000eb380000)
 ParOldGen       total 145408K, used 132158K [0x00000000c0000000, 0x00000000c8e00000, 0x00000000eab00000)
  object space 145408K, 90% used [0x00000000c0000000,0x00000000c810fb40,0x00000000c8e00000)
 Metaspace       used 87123K, committed 88512K, reserved 1130496K
  class space    used 8714K, committed 9344K, reserved 1048576K
}
Event: 93788.774 GC heap after
{Heap after GC invocations=1871 (full 29):
 PSYoungGen      total 4096K, used 2144K [0x00000000eab00000, 0x00000000eb280000, 0x0000000100000000)
  eden space 1536K, 0% used [0x00000000eab00000,0x00000000eab00000,0x00000000eac80000)
  from space 2560K, 83% used [0x00000000eb000000,0x00000000eb218000,0x00000000eb280000)
  to   space 2560K, 0% used [0x00000000ead80000,0x00000000ead80000,0x00000000eb000000)
 ParOldGen       total 145408K, used 134206K [0x00000000c0000000, 0x00000000c8e00000, 0x00000000eab00000)
  object space 145408K, 92% used [0x00000000c0000000,0x00000000c830fb40,0x00000000c8e00000)
 Metaspace       used 87123K, committed 88512K, reserved 1130496K
  class space    used 8714K, committed 9344K, reserved 1048576K
}
Event: 93788.778 GC heap before
{Heap before GC invocations=1872 (full 29):
 PSYoungGen      total 4096K, used 3680K [0x00000000eab00000, 0x00000000eb280000, 0x0000000100000000)
  eden space 1536K, 100% used [0x00000000eab00000,0x00000000eac80000,0x00000000eac80000)
  from space 2560K, 83% used [0x00000000eb000000,0x00000000eb218000,0x00000000eb280000)
  to   space 2560K, 0% used [0x00000000ead80000,0x00000000ead80000,0x00000000eb000000)
 ParOldGen       total 145408K, used 134206K [0x00000000c0000000, 0x00000000c8e00000, 0x00000000eab00000)
  object space 145408K, 92% used [0x00000000c0000000,0x00000000c830fb40,0x00000000c8e00000)
 Metaspace       used 87123K, committed 88512K, reserved 1130496K
  class space    used 8714K, committed 9344K, reserved 1048576K
}
Event: 93788.832 GC heap after
{Heap after GC invocations=1872 (full 29):
 PSYoungGen      total 4096K, used 1664K [0x00000000eab00000, 0x00000000eb100000, 0x0000000100000000)
  eden space 2048K, 0% used [0x00000000eab00000,0x00000000eab00000,0x00000000ead00000)
  from space 2048K, 81% used [0x00000000ead80000,0x00000000eaf20000,0x00000000eaf80000)
  to   space 1536K, 0% used [0x00000000eaf80000,0x00000000eaf80000,0x00000000eb100000)
 ParOldGen       total 145408K, used 136262K [0x00000000c0000000, 0x00000000c8e00000, 0x00000000eab00000)
  object space 145408K, 93% used [0x00000000c0000000,0x00000000c8511b40,0x00000000c8e00000)
 Metaspace       used 87123K, committed 88512K, reserved 1130496K
  class space    used 8714K, committed 9344K, reserved 1048576K
}
Event: 93788.845 GC heap before
{Heap before GC invocations=1873 (full 29):
 PSYoungGen      total 4096K, used 3491K [0x00000000eab00000, 0x00000000eb100000, 0x0000000100000000)
  eden space 2048K, 89% used [0x00000000eab00000,0x00000000eacc8d38,0x00000000ead00000)
  from space 2048K, 81% used [0x00000000ead80000,0x00000000eaf20000,0x00000000eaf80000)
  to   space 1536K, 0% used [0x00000000eaf80000,0x00000000eaf80000,0x00000000eb100000)
 ParOldGen       total 145408K, used 136262K [0x00000000c0000000, 0x00000000c8e00000, 0x00000000eab00000)
  object space 145408K, 93% used [0x00000000c0000000,0x00000000c8511b40,0x00000000c8e00000)
 Metaspace       used 87123K, committed 88512K, reserved 1130496K
  class space    used 8714K, committed 9344K, reserved 1048576K
}
Event: 93788.912 GC heap after
{Heap after GC invocations=1873 (full 29):
 PSYoungGen      total 3584K, used 1524K [0x00000000eab00000, 0x00000000eb100000, 0x0000000100000000)
  eden space 2048K, 0% used [0x00000000eab00000,0x00000000eab00000,0x00000000ead00000)
  from space 1536K, 99% used [0x00000000eaf80000,0x00000000eb0fd200,0x00000000eb100000)
  to   space 2048K, 0% used [0x00000000ead80000,0x00000000ead80000,0x00000000eaf80000)
 ParOldGen       total 145408K, used 137838K [0x00000000c0000000, 0x00000000c8e00000, 0x00000000eab00000)
  object space 145408K, 94% used [0x00000000c0000000,0x00000000c869bb40,0x00000000c8e00000)
 Metaspace       used 87123K, committed 88512K, reserved 1130496K
  class space    used 8714K, committed 9344K, reserved 1048576K
}
Event: 93788.926 GC heap before
{Heap before GC invocations=1874 (full 29):
 PSYoungGen      total 3584K, used 3145K [0x00000000eab00000, 0x00000000eb100000, 0x0000000100000000)
  eden space 2048K, 79% used [0x00000000eab00000,0x00000000eac95518,0x00000000ead00000)
  from space 1536K, 99% used [0x00000000eaf80000,0x00000000eb0fd200,0x00000000eb100000)
  to   space 2048K, 0% used [0x00000000ead80000,0x00000000ead80000,0x00000000eaf80000)
 ParOldGen       total 145408K, used 137838K [0x00000000c0000000, 0x00000000c8e00000, 0x00000000eab00000)
  object space 145408K, 94% used [0x00000000c0000000,0x00000000c869bb40,0x00000000c8e00000)
 Metaspace       used 87123K, committed 88512K, reserved 1130496K
  class space    used 8714K, committed 9344K, reserved 1048576K
}

