# JRE version: OpenJDK Runtime Environment Temurin-17.0.5+8 (17.0.5+8) (build 17.0.5+8)
# Java VM: OpenJDK 64-Bit Server VM Temurin-17.0.5+8 (17.0.5+8, mixed mode, tiered, compressed oops, compressed class ptrs, parallel gc, windows-amd64)
GC Precious Log:
 CPUs: 8 total, 8 available
 Memory: 7934M
 Large Page Support: Disabled
 NUMA Support: Disabled
 Compressed Oops: Enabled (32-bit)
 Alignments: Space 512K, Generation 512K, Heap 2M
 Heap Min Capacity: 100M
 Heap Initial Capacity: 100M
 Heap Max Capacity: 1G
 Pre-touch: Disabled
 Parallel Workers: 8
Heap:
 PSYoungGen      total 6144K, used 5038K [0x00000000eab00000, 0x00000000eb580000, 0x0000000100000000)
  eden space 4608K, 84% used [0x00000000eab00000,0x00000000eaecbbf0,0x00000000eaf80000)
  from space 1536K, 75% used [0x00000000eb380000,0x00000000eb4a0000,0x00000000eb500000)
  to   space 512K, 0% used [0x00000000eb500000,0x00000000eb500000,0x00000000eb580000)
 ParOldGen       total 123904K, used 100817K [0x00000000c0000000, 0x00000000c7900000, 0x00000000eab00000)
  object space 123904K, 81% used [0x00000000c0000000,0x00000000c62747b0,0x00000000c7900000)
 Metaspace       used 86540K, committed 87744K, reserved 1130496K
  class space    used 8603K, committed 9152K, reserved 1048576K
GC Heap History (20 events):
Event: 12970.342 GC heap before
{Heap before GC invocations=2923 (full 61):
 PSYoungGen      total 6656K, used 6492K [0x00000000eab00000, 0x00000000eb300000, 0x0000000100000000)
  eden space 5120K, 100% used [0x00000000eab00000,0x00000000eb000000,0x00000000eb000000)
  from space 1536K, 89% used [0x00000000eb000000,0x00000000eb157278,0x00000000eb180000)
  to   space 1536K, 0% used [0x00000000eb180000,0x00000000eb180000,0x00000000eb300000)
 ParOldGen       total 125440K, used 101280K [0x00000000c0000000, 0x00000000c7a80000, 0x00000000eab00000)
  object space 125440K, 80% used [0x00000000c0000000,0x00000000c62e81e8,0x00000000c7a80000)
 Metaspace       used 86285K, committed 87488K, reserved 1130496K
  class space    used 8579K, committed 9152K, reserved 1048576K
}
Event: 12970.344 GC heap after
{Heap after GC invocations=2923 (full 61):
 PSYoungGen      total 6144K, used 1512K [0x00000000eab00000, 0x00000000eb400000, 0x0000000100000000)
  eden space 4608K, 0% used [0x00000000eab00000,0x00000000eab00000,0x00000000eaf80000)
  from space 1536K, 98% used [0x00000000eb180000,0x00000000eb2fa098,0x00000000eb300000)
  to   space 2048K, 0% used [0x00000000eaf80000,0x00000000eaf80000,0x00000000eb180000)
 ParOldGen       total 125440K, used 101543K [0x00000000c0000000, 0x00000000c7a80000, 0x00000000eab00000)
  object space 125440K, 80% used [0x00000000c0000000,0x00000000c6329d20,0x00000000c7a80000)
 Metaspace       used 86285K, committed 87488K, reserved 1130496K
  class space    used 8579K, committed 9152K, reserved 1048576K
}
Event: 12970.560 GC heap before
{Heap before GC invocations=2924 (full 61):
 PSYoungGen      total 6144K, used 6007K [0x00000000eab00000, 0x00000000eb400000, 0x0000000100000000)
  eden space 4608K, 97% used [0x00000000eab00000,0x00000000eaf63c48,0x00000000eaf80000)
  from space 1536K, 98% used [0x00000000eb180000,0x00000000eb2fa098,0x00000000eb300000)
  to   space 2048K, 0% used [0x00000000eaf80000,0x00000000eaf80000,0x00000000eb180000)
 ParOldGen       total 125440K, used 101543K [0x00000000c0000000, 0x00000000c7a80000, 0x00000000eab00000)
  object space 125440K, 80% used [0x00000000c0000000,0x00000000c6329d20,0x00000000c7a80000)
 Metaspace       used 86300K, committed 87488K, reserved 1130496K
  class space    used 8579K, committed 9152K, reserved 1048576K
}
Event: 12970.562 GC heap after
{Heap after GC invocations=2924 (full 61):
 PSYoungGen      total 6656K, used 2042K [0x00000000eab00000, 0x00000000eba80000, 0x0000000100000000)
  eden space 4608K, 0% used [0x00000000eab00000,0x00000000eab00000,0x00000000eaf80000)
  from space 2048K, 99% used [0x00000000eaf80000,0x00000000eb17e988,0x00000000eb180000)
  to   space 5632K, 0% used [0x00000000eb500000,0x00000000eb500000,0x00000000eba80000)
 ParOldGen       total 125440K, used 104206K [0x00000000c0000000, 0x00000000c7a80000, 0x00000000eab00000)
  object space 125440K, 83% used [0x00000000c0000000,0x00000000c65c3be8,0x00000000c7a80000)
 Metaspace       used 86300K, committed 87488K, reserved 1130496K
  class space    used 8579K, committed 9152K, reserved 1048576K
}
Event: 12970.603 GC heap before
{Heap before GC invocations=2925 (full 61):
 PSYoungGen      total 6656K, used 6650K [0x00000000eab00000, 0x00000000eba80000, 0x0000000100000000)
  eden space 4608K, 100% used [0x00000000eab00000,0x00000000eaf80000,0x00000000eaf80000)
  from space 2048K, 99% used [0x00000000eaf80000,0x00000000eb17e988,0x00000000eb180000)
  to   space 5632K, 0% used [0x00000000eb500000,0x00000000eb500000,0x00000000eba80000)
 ParOldGen       total 125440K, used 104206K [0x00000000c0000000, 0x00000000c7a80000, 0x00000000eab00000)
  object space 125440K, 83% used [0x00000000c0000000,0x00000000c65c3be8,0x00000000c7a80000)
 Metaspace       used 86300K, committed 87488K, reserved 1130496K
  class space    used 8579K, committed 9152K, reserved 1048576K
}
Event: 12970.605 GC heap after
{Heap after GC invocations=2925 (full 61):
 PSYoungGen      total 7168K, used 2073K [0x00000000eab00000, 0x00000000eb780000, 0x0000000100000000)
  eden space 4608K, 0% used [0x00000000eab00000,0x00000000eab00000,0x00000000eaf80000)
  from space 2560K, 80% used [0x00000000eb500000,0x00000000eb706608,0x00000000eb780000)
  to   space 3072K, 0% used [0x00000000eb180000,0x00000000eb180000,0x00000000eb480000)
 ParOldGen       total 125440K, used 106227K [0x00000000c0000000, 0x00000000c7a80000, 0x00000000eab00000)
  object space 125440K, 84% used [0x00000000c0000000,0x00000000c67bcf10,0x00000000c7a80000)
 Metaspace       used 86300K, committed 87488K, reserved 1130496K
  class space    used 8579K, committed 9152K, reserved 1048576K
}
Event: 12970.929 GC heap before
{Heap before GC invocations=2926 (full 62):
 PSYoungGen      total 7168K, used 6681K [0x00000000eab00000, 0x00000000eb780000, 0x0000000100000000)
  eden space 4608K, 100% used [0x00000000eab00000,0x00000000eaf80000,0x00000000eaf80000)
  from space 2560K, 80% used [0x00000000eb500000,0x00000000eb706608,0x00000000eb780000)
  to   space 3072K, 0% used [0x00000000eb180000,0x00000000eb180000,0x00000000eb480000)
 ParOldGen       total 137216K, used 136947K [0x00000000c0000000, 0x00000000c8600000, 0x00000000eab00000)
  object space 137216K, 99% used [0x00000000c0000000,0x00000000c85bcf40,0x00000000c8600000)
 Metaspace       used 86405K, committed 87680K, reserved 1130496K
  class space    used 8586K, committed 9152K, reserved 1048576K
}
Event: 12971.008 GC heap after
{Heap after GC invocations=2926 (full 62):
 PSYoungGen      total 5120K, used 0K [0x00000000eab00000, 0x00000000eb580000, 0x0000000100000000)
  eden space 4608K, 0% used [0x00000000eab00000,0x00000000eab00000,0x00000000eaf80000)
  from space 512K, 0% used [0x00000000eb180000,0x00000000eb180000,0x00000000eb200000)
  to   space 3072K, 0% used [0x00000000eb280000,0x00000000eb280000,0x00000000eb580000)
 ParOldGen       total 123904K, used 97741K [0x00000000c0000000, 0x00000000c7900000, 0x00000000eab00000)
  object space 123904K, 78% used [0x00000000c0000000,0x00000000c5f73730,0x00000000c7900000)
 Metaspace       used 86405K, committed 87680K, reserved 1130496K
  class space    used 8586K, committed 9152K, reserved 1048576K
}
Event: 12982.756 GC heap before
{Heap before GC invocations=2927 (full 62):
 PSYoungGen      total 5120K, used 4594K [0x00000000eab00000, 0x00000000eb580000, 0x0000000100000000)
  eden space 4608K, 99% used [0x00000000eab00000,0x00000000eaf7c828,0x00000000eaf80000)
  from space 512K, 0% used [0x00000000eb180000,0x00000000eb180000,0x00000000eb200000)
  to   space 3072K, 0% used [0x00000000eb280000,0x00000000eb280000,0x00000000eb580000)
 ParOldGen       total 123904K, used 97741K [0x00000000c0000000, 0x00000000c7900000, 0x00000000eab00000)
  object space 123904K, 78% used [0x00000000c0000000,0x00000000c5f73730,0x00000000c7900000)
 Metaspace       used 86405K, committed 87680K, reserved 1130496K
  class space    used 8586K, committed 9152K, reserved 1048576K
}
Event: 12982.757 GC heap after
{Heap after GC invocations=2927 (full 62):
 PSYoungGen      total 6656K, used 1868K [0x00000000eab00000, 0x00000000eb480000, 0x0000000100000000)
  eden space 4608K, 0% used [0x00000000eab00000,0x00000000eab00000,0x00000000eaf80000)
  from space 2048K, 91% used [0x00000000eb280000,0x00000000eb453200,0x00000000eb480000)
  to   space 2560K, 0% used [0x00000000eaf80000,0x00000000eaf80000,0x00000000eb200000)
 ParOldGen       total 123904K, used 97741K [0x00000000c0000000, 0x00000000c7900000, 0x00000000eab00000)
  object space 123904K, 78% used [0x00000000c0000000,0x00000000c5f73730,0x00000000c7900000)
 Metaspace       used 86405K, committed 87680K, reserved 1130496K
  class space    used 8586K, committed 9152K, reserved 1048576K
}
Event: 12982.774 GC heap before
{Heap before GC invocations=2928 (full 62):
 PSYoungGen      total 6656K, used 6476K [0x00000000eab00000, 0x00000000eb480000, 0x0000000100000000)
  eden space 4608K, 100% used [0x00000000eab00000,0x00000000eaf80000,0x00000000eaf80000)
  from space 2048K, 91% used [0x00000000eb280000,0x00000000eb453200,0x00000000eb480000)
  to   space 2560K, 0% used [0x00000000eaf80000,0x00000000eaf80000,0x00000000eb200000)
 ParOldGen       total 123904K, used 97741K [0x00000000c0000000, 0x00000000c7900000, 0x00000000eab00000)
  object space 123904K, 78% used [0x00000000c0000000,0x00000000c5f73730,0x00000000c7900000)
 Metaspace       used 86405K, committed 87680K, reserved 1130496K
  class space    used 8586K, committed 9152K, reserved 1048576K
}
Event: 12982.777 GC heap after
{Heap after GC invocations=2928 (full 62):
 PSYoungGen      total 7168K, used 2551K [0x00000000eab00000, 0x00000000ebc80000, 0x0000000100000000)
  eden space 4608K, 0% used [0x00000000eab00000,0x00000000eab00000,0x00000000eaf80000)
  from space 2560K, 99% used [0x00000000eaf80000,0x00000000eb1fdde0,0x00000000eb200000)
  to   space 6656K, 0% used [0x00000000eb600000,0x00000000eb600000,0x00000000ebc80000)
 ParOldGen       total 123904K, used 100703K [0x00000000c0000000, 0x00000000c7900000, 0x00000000eab00000)
  object space 123904K, 81% used [0x00000000c0000000,0x00000000c6257eb0,0x00000000c7900000)
 Metaspace       used 86405K, committed 87680K, reserved 1130496K
  class space    used 8586K, committed 9152K, reserved 1048576K
}
Event: 12984.520 GC heap before
{Heap before GC invocations=2929 (full 62):
 PSYoungGen      total 7168K, used 7159K [0x00000000eab00000, 0x00000000ebc80000, 0x0000000100000000)
  eden space 4608K, 100% used [0x00000000eab00000,0x00000000eaf80000,0x00000000eaf80000)
  from space 2560K, 99% used [0x00000000eaf80000,0x00000000eb1fdde0,0x00000000eb200000)
  to   space 6656K, 0% used [0x00000000eb600000,0x00000000eb600000,0x00000000ebc80000)
 ParOldGen       total 123904K, used 100703K [0x00000000c0000000, 0x00000000c7900000, 0x00000000eab00000)
  object space 123904K, 81% used [0x00000000c0000000,0x00000000c6257eb0,0x00000000c7900000)
 Metaspace       used 86414K, committed 87680K, reserved 1130496K
  class space    used 8586K, committed 9152K, reserved 1048576K
}
Event: 12984.523 GC heap after
{Heap after GC invocations=2929 (full 62):
 PSYoungGen      total 6144K, used 1136K [0x00000000eab00000, 0x00000000eb780000, 0x0000000100000000)
  eden space 4608K, 0% used [0x00000000eab00000,0x00000000eab00000,0x00000000eaf80000)
  from space 1536K, 73% used [0x00000000eb600000,0x00000000eb71c010,0x00000000eb780000)
  to   space 3072K, 0% used [0x00000000eb180000,0x00000000eb180000,0x00000000eb480000)
 ParOldGen       total 123904K, used 100817K [0x00000000c0000000, 0x00000000c7900000, 0x00000000eab00000)
  object space 123904K, 81% used [0x00000000c0000000,0x00000000c62747b0,0x00000000c7900000)
 Metaspace       used 86414K, committed 87680K, reserved 1130496K
  class space    used 8586K, committed 9152K, reserved 1048576K
}
Event: 12984.558 GC heap before
{Heap before GC invocations=2930 (full 62):
 PSYoungGen      total 6144K, used 5744K [0x00000000eab00000, 0x00000000eb780000, 0x0000000100000000)
  eden space 4608K, 100% used [0x00000000eab00000,0x00000000eaf80000,0x00000000eaf80000)
  from space 1536K, 73% used [0x00000000eb600000,0x00000000eb71c010,0x00000000eb780000)
  to   space 3072K, 0% used [0x00000000eb180000,0x00000000eb180000,0x00000000eb480000)
 ParOldGen       total 123904K, used 100817K [0x00000000c0000000, 0x00000000c7900000, 0x00000000eab00000)
  object space 123904K, 81% used [0x00000000c0000000,0x00000000c62747b0,0x00000000c7900000)
 Metaspace       used 86414K, committed 87680K, reserved 1130496K
  class space    used 8586K, committed 9152K, reserved 1048576K
}
Event: 12984.560 GC heap after
{Heap after GC invocations=2930 (full 62):
 PSYoungGen      total 7680K, used 1216K [0x00000000eab00000, 0x00000000eb680000, 0x0000000100000000)
  eden space 4608K, 0% used [0x00000000eab00000,0x00000000eab00000,0x00000000eaf80000)
  from space 3072K, 39% used [0x00000000eb180000,0x00000000eb2b0000,0x00000000eb480000)
  to   space 1536K, 0% used [0x00000000eb500000,0x00000000eb500000,0x00000000eb680000)
 ParOldGen       total 123904K, used 100817K [0x00000000c0000000, 0x00000000c7900000, 0x00000000eab00000)
  object space 123904K, 81% used [0x00000000c0000000,0x00000000c62747b0,0x00000000c7900000)
 Metaspace       used 86414K, committed 87680K, reserved 1130496K
  class space    used 8586K, committed 9152K, reserved 1048576K
}
Event: 12984.837 GC heap before
{Heap before GC invocations=2931 (full 62):
 PSYoungGen      total 7680K, used 5824K [0x00000000eab00000, 0x00000000eb680000, 0x0000000100000000)
  eden space 4608K, 100% used [0x00000000eab00000,0x00000000eaf80000,0x00000000eaf80000)
  from space 3072K, 39% used [0x00000000eb180000,0x00000000eb2b0000,0x00000000eb480000)
  to   space 1536K, 0% used [0x00000000eb500000,0x00000000eb500000,0x00000000eb680000)
 ParOldGen       total 123904K, used 100817K [0x00000000c0000000, 0x00000000c7900000, 0x00000000eab00000)
  object space 123904K, 81% used [0x00000000c0000000,0x00000000c62747b0,0x00000000c7900000)
 Metaspace       used 86414K, committed 87680K, reserved 1130496K
  class space    used 8586K, committed 9152K, reserved 1048576K
}
Event: 12984.838 GC heap after
{Heap after GC invocations=2931 (full 62):
 PSYoungGen      total 6144K, used 1248K [0x00000000eab00000, 0x00000000eb680000, 0x0000000100000000)
  eden space 4608K, 0% used [0x00000000eab00000,0x00000000eab00000,0x00000000eaf80000)
  from space 1536K, 81% used [0x00000000eb500000,0x00000000eb638000,0x00000000eb680000)
  to   space 1536K, 0% used [0x00000000eb380000,0x00000000eb380000,0x00000000eb500000)
 ParOldGen       total 123904K, used 100817K [0x00000000c0000000, 0x00000000c7900000, 0x00000000eab00000)
  object space 123904K, 81% used [0x00000000c0000000,0x00000000c62747b0,0x00000000c7900000)
 Metaspace       used 86414K, committed 87680K, reserved 1130496K
  class space    used 8586K, committed 9152K, reserved 1048576K
}
Event: 13208.615 GC heap before
{Heap before GC invocations=2932 (full 62):
 PSYoungGen      total 6144K, used 5856K [0x00000000eab00000, 0x00000000eb680000, 0x0000000100000000)
  eden space 4608K, 100% used [0x00000000eab00000,0x00000000eaf80000,0x00000000eaf80000)
  from space 1536K, 81% used [0x00000000eb500000,0x00000000eb638000,0x00000000eb680000)
  to   space 1536K, 0% used [0x00000000eb380000,0x00000000eb380000,0x00000000eb500000)
 ParOldGen       total 123904K, used 100817K [0x00000000c0000000, 0x00000000c7900000, 0x00000000eab00000)
  object space 123904K, 81% used [0x00000000c0000000,0x00000000c62747b0,0x00000000c7900000)
 Metaspace       used 86419K, committed 87680K, reserved 1130496K
  class space    used 8586K, committed 9152K, reserved 1048576K
}
Event: 13208.619 GC heap after
{Heap after GC invocations=2932 (full 62):
 PSYoungGen      total 6144K, used 1152K [0x00000000eab00000, 0x00000000eb580000, 0x0000000100000000)
  eden space 4608K, 0% used [0x00000000eab00000,0x00000000eab00000,0x00000000eaf80000)
  from space 1536K, 75% used [0x00000000eb380000,0x00000000eb4a0000,0x00000000eb500000)
  to   space 512K, 0% used [0x00000000eb500000,0x00000000eb500000,0x00000000eb580000)
 ParOldGen       total 123904K, used 100817K [0x00000000c0000000, 0x00000000c7900000, 0x00000000eab00000)
  object space 123904K, 81% used [0x00000000c0000000,0x00000000c62747b0,0x00000000c7900000)
 Metaspace       used 86419K, committed 87680K, reserved 1130496K
  class space    used 8586K, committed 9152K, reserved 1048576K
}

